[    0.000000] Initializing cgroup subsys cpuset
[    0.000000] Initializing cgroup subsys cpu
[    0.000000] Initializing cgroup subsys cpuacct
[    0.000000] Linux version 4.4.0-81-generic (buildd@lgw01-02) (gcc version 5.4.0 20160609 (Ubuntu 5.4.0-6ubuntu1~16.04.4) ) #104-Ubuntu SMP Wed Jun 14 08:17:06 UTC 2017 (Ubuntu 4.4.0-81.104-generic 4.4.67)
[    0.000000] Command line: BOOT_IMAGE=/boot/vmlinuz-4.4.0-81-generic root=LABEL=cloudimg-rootfs ro console=tty1 console=ttyS0
[    0.000000] KERNEL supported cpus:
[    0.000000]   Intel GenuineIntel
[    0.000000]   AMD AuthenticAMD
[    0.000000]   Centaur CentaurHauls
[    0.000000] x86/fpu: xstate_offset[2]:  576, xstate_sizes[2]:  256
[    0.000000] x86/fpu: Supporting XSAVE feature 0x01: 'x87 floating point registers'
[    0.000000] x86/fpu: Supporting XSAVE feature 0x02: 'SSE registers'
[    0.000000] x86/fpu: Supporting XSAVE feature 0x04: 'AVX registers'
[    0.000000] x86/fpu: Enabled xstate features 0x7, context size is 832 bytes, using 'standard' format.
[    0.000000] x86/fpu: Using 'lazy' FPU context switches.
[    0.000000] e820: BIOS-provided physical RAM map:
[    0.000000] BIOS-e820: [mem 0x0000000000000000-0x000000000009fbff] usable
[    0.000000] BIOS-e820: [mem 0x000000000009fc00-0x000000000009ffff] reserved
[    0.000000] BIOS-e820: [mem 0x00000000000f0000-0x00000000000fffff] reserved
[    0.000000] BIOS-e820: [mem 0x0000000000100000-0x000000003ffeffff] usable
[    0.000000] BIOS-e820: [mem 0x000000003fff0000-0x000000003fffffff] ACPI data
[    0.000000] BIOS-e820: [mem 0x00000000fec00000-0x00000000fec00fff] reserved
[    0.000000] BIOS-e820: [mem 0x00000000fee00000-0x00000000fee00fff] reserved
[    0.000000] BIOS-e820: [mem 0x00000000fffc0000-0x00000000ffffffff] reserved
[    0.000000] NX (Execute Disable) protection: active
[    0.000000] SMBIOS 2.5 present.
[    0.000000] Hypervisor detected: KVM
[    0.000000] e820: last_pfn = 0x3fff0 max_arch_pfn = 0x400000000
[    0.000000] MTRR: Disabled
[    0.000000] x86/PAT: MTRRs disabled, skipping PAT initialization too.
[    0.000000] x86/PAT: Configuration [0-7]: WB  WT  UC- UC  WB  WT  UC- UC  
[    0.000000] CPU MTRRs all blank - virtualized system.
[    0.000000] found SMP MP-table at [mem 0x0009fff0-0x0009ffff] mapped at [ffff88000009fff0]
[    0.000000] Scanning 1 areas for low memory corruption
[    0.000000] RAMDISK: [mem 0x36ac4000-0x37559fff]
[    0.000000] ACPI: Early table checksum verification disabled
[    0.000000] ACPI: RSDP 0x00000000000E0000 000024 (v02 VBOX  )
[    0.000000] ACPI: XSDT 0x000000003FFF0030 00003C (v01 VBOX   VBOXXSDT 00000001 ASL  00000061)
[    0.000000] ACPI: FACP 0x000000003FFF00F0 0000F4 (v04 VBOX   VBOXFACP 00000001 ASL  00000061)
[    0.000000] ACPI: DSDT 0x000000003FFF0470 0021C8 (v02 VBOX   VBOXBIOS 00000002 INTL 20100528)
[    0.000000] ACPI: FACS 0x000000003FFF0200 000040
[    0.000000] ACPI: FACS 0x000000003FFF0200 000040
[    0.000000] ACPI: APIC 0x000000003FFF0240 00005C (v02 VBOX   VBOXAPIC 00000001 ASL  00000061)
[    0.000000] ACPI: SSDT 0x000000003FFF02A0 0001CC (v01 VBOX   VBOXCPUT 00000002 INTL 20100528)
[    0.000000] No NUMA configuration found
[    0.000000] Faking a node at [mem 0x0000000000000000-0x000000003ffeffff]
[    0.000000] NODE_DATA(0) allocated [mem 0x3ffeb000-0x3ffeffff]
[    0.000000] kvm-clock: Using msrs 4b564d01 and 4b564d00
[    0.000000] kvm-clock: cpu 0, msr 0:3ffe3001, primary cpu clock
[    0.000000] kvm-clock: using sched offset of 3503766345 cycles
[    0.000000] clocksource: kvm-clock: mask: 0xffffffffffffffff max_cycles: 0x1cd42e4dffb, max_idle_ns: 881590591483 ns
[    0.000000] Zone ranges:
[    0.000000]   DMA      [mem 0x0000000000001000-0x0000000000ffffff]
[    0.000000]   DMA32    [mem 0x0000000001000000-0x000000003ffeffff]
[    0.000000]   Normal   empty
[    0.000000]   Device   empty
[    0.000000] Movable zone start for each node
[    0.000000] Early memory node ranges
[    0.000000]   node   0: [mem 0x0000000000001000-0x000000000009efff]
[    0.000000]   node   0: [mem 0x0000000000100000-0x000000003ffeffff]
[    0.000000] Initmem setup node 0 [mem 0x0000000000001000-0x000000003ffeffff]
[    0.000000] ACPI: PM-Timer IO Port: 0x4008
[    0.000000] IOAPIC[0]: apic_id 2, version 32, address 0xfec00000, GSI 0-23
[    0.000000] ACPI: INT_SRC_OVR (bus 0 bus_irq 0 global_irq 2 dfl dfl)
[    0.000000] ACPI: INT_SRC_OVR (bus 0 bus_irq 9 global_irq 9 high level)
[    0.000000] Using ACPI (MADT) for SMP configuration information
[    0.000000] smpboot: Allowing 2 CPUs, 0 hotplug CPUs
[    0.000000] PM: Registered nosave memory: [mem 0x00000000-0x00000fff]
[    0.000000] PM: Registered nosave memory: [mem 0x0009f000-0x0009ffff]
[    0.000000] PM: Registered nosave memory: [mem 0x000a0000-0x000effff]
[    0.000000] PM: Registered nosave memory: [mem 0x000f0000-0x000fffff]
[    0.000000] e820: [mem 0x40000000-0xfebfffff] available for PCI devices
[    0.000000] Booting paravirtualized kernel on KVM
[    0.000000] clocksource: refined-jiffies: mask: 0xffffffff max_cycles: 0xffffffff, max_idle_ns: 7645519600211568 ns
[    0.000000] setup_percpu: NR_CPUS:512 nr_cpumask_bits:512 nr_cpu_ids:2 nr_node_ids:1
[    0.000000] PERCPU: Embedded 33 pages/cpu @ffff88003fc00000 s98264 r8192 d28712 u1048576
[    0.000000] PV qspinlock hash table entries: 256 (order: 0, 4096 bytes)
[    0.000000] Built 1 zonelists in Node order, mobility grouping on.  Total pages: 257913
[    0.000000] Policy zone: DMA32
[    0.000000] Kernel command line: BOOT_IMAGE=/boot/vmlinuz-4.4.0-81-generic root=LABEL=cloudimg-rootfs ro console=tty1 console=ttyS0
[    0.000000] PID hash table entries: 4096 (order: 3, 32768 bytes)
[    0.000000] Memory: 1001740K/1048120K available (8469K kernel code, 1294K rwdata, 3984K rodata, 1484K init, 1316K bss, 46380K reserved, 0K cma-reserved)
[    0.000000] SLUB: HWalign=64, Order=0-3, MinObjects=0, CPUs=2, Nodes=1
[    0.000000] Hierarchical RCU implementation.
[    0.000000] 	Build-time adjustment of leaf fanout to 64.
[    0.000000] 	RCU restricting CPUs from NR_CPUS=512 to nr_cpu_ids=2.
[    0.000000] RCU: Adjusting geometry for rcu_fanout_leaf=64, nr_cpu_ids=2
[    0.000000] NR_IRQS:33024 nr_irqs:440 16
[    0.000000] Console: colour VGA+ 80x25
[    0.000000] console [tty1] enabled
[    0.000000] console [ttyS0] enabled
[    0.000000] tsc: Detected 2593.998 MHz processor
[    6.312759] Calibrating delay loop (skipped) preset value.. 5187.99 BogoMIPS (lpj=10375992)
[    6.356165] pid_max: default: 32768 minimum: 301
[    6.383931] ACPI: Core revision 20150930
[    6.444573] ACPI: 2 ACPI AML tables successfully acquired and loaded
[    6.500087] Security Framework initialized
[    6.508221] Yama: becoming mindful.
[    6.509001] AppArmor: AppArmor initialized
[    6.509904] Dentry cache hash table entries: 131072 (order: 8, 1048576 bytes)
[    6.523578] Inode-cache hash table entries: 65536 (order: 7, 524288 bytes)
[    6.531967] Mount-cache hash table entries: 2048 (order: 2, 16384 bytes)
[    6.597110] Mountpoint-cache hash table entries: 2048 (order: 2, 16384 bytes)
[    6.680162] Initializing cgroup subsys io
[    6.745432] Initializing cgroup subsys memory
[    6.776880] Initializing cgroup subsys devices
[    6.810323] Initializing cgroup subsys freezer
[    6.882072] Initializing cgroup subsys net_cls
[    6.936096] Initializing cgroup subsys perf_event
[    6.997304] Initializing cgroup subsys net_prio
[    7.063908] Initializing cgroup subsys hugetlb
[    7.128263] Initializing cgroup subsys pids
[    7.180559] CPU: Physical Processor ID: 0
[    7.223681] CPU: Processor Core ID: 0
[    7.225517] mce: CPU supports 0 MCE banks
[    7.230421] Last level iTLB entries: 4KB 1024, 2MB 1024, 4MB 1024
[    7.242760] Last level dTLB entries: 4KB 1024, 2MB 1024, 4MB 1024, 1GB 4
[    7.251673] Freeing SMP alternatives memory: 32K (ffffffff820b8000 - ffffffff820c0000)
[    7.274331] ftrace: allocating 32129 entries in 126 pages
[    7.327391] smpboot: APIC(0) Converting physical 0 to logical package 0
[    7.352496] smpboot: Max logical packages: 1
[    7.362521] x2apic enabled
[    7.363444] Switched APIC routing to physical x2apic.
[    7.378646] ..TIMER: vector=0x30 apic1=0 pin1=2 apic2=-1 pin2=-1
[    7.547956] smpboot: CPU0: Intel(R) Core(TM) i7-4510U CPU @ 2.00GHz (family: 0x6, model: 0x45, stepping: 0x1)
[    7.706560] Performance Events: unsupported p6 CPU model 69 no PMU driver, software events only.
[    7.798209] KVM setup paravirtual spinlock
[    7.856210] x86: Booting SMP configuration:
[    7.885184] .... node  #0, CPUs:      #1
[    7.897482] kvm-clock: cpu 1, msr 0:3ffe3041, secondary cpu clock
[    7.905755] mce: CPU supports 0 MCE banks
[    7.909811] x86: Booted up 1 node, 2 CPUs
[    7.945001] smpboot: Total of 2 processors activated (10375.99 BogoMIPS)
[    7.957912] devtmpfs: initialized
[    7.992577] evm: security.selinux
[    8.013615] evm: security.SMACK64
[    8.046828] evm: security.SMACK64EXEC
[    8.086945] evm: security.SMACK64TRANSMUTE
[    8.097119] evm: security.SMACK64MMAP
[    8.140681] evm: security.ima
[    8.171681] evm: security.capability
[    8.202451] clocksource: jiffies: mask: 0xffffffff max_cycles: 0xffffffff, max_idle_ns: 7645041785100000 ns
[    8.277261] futex hash table entries: 512 (order: 3, 32768 bytes)
[    8.312609] pinctrl core: initialized pinctrl subsystem
[    8.334604] RTC time: 21:30:08, date: 06/29/17
[    8.358861] NET: Registered protocol family 16
[    8.418516] cpuidle: using governor ladder
[    8.449870] cpuidle: using governor menu
[    8.466735] PCCT header not found.
[    8.483374] ACPI: bus type PCI registered
[    8.498434] acpiphp: ACPI Hot Plug PCI Controller Driver version: 0.5
[    8.574704] PCI: Using configuration type 1 for base access
[    8.629965] ACPI: Added _OSI(Module Device)
[    8.659170] ACPI: Added _OSI(Processor Device)
[    8.661516] ACPI: Added _OSI(3.0 _SCP Extensions)
[    8.711806] ACPI: Added _OSI(Processor Aggregator Device)
[    8.777429] ACPI: Executed 1 blocks of module-level executable AML code
[    8.818066] ACPI: Interpreter enabled
[    8.860777] ACPI: (supports S0 S5)
[    8.892538] ACPI: Using IOAPIC for interrupt routing
[    8.935750] PCI: Using host bridge windows from ACPI; if necessary, use "pci=nocrs" and report a bug
[    9.000737] ACPI: PCI Root Bridge [PCI0] (domain 0000 [bus 00-ff])
[    9.063160] acpi PNP0A03:00: _OSC: OS supports [ASPM ClockPM Segments MSI]
[    9.128532] acpi PNP0A03:00: _OSC failed (AE_NOT_FOUND); disabling ASPM
[    9.191950] acpi PNP0A03:00: fail to add MMCONFIG information, can't access extended PCI configuration space under this bridge.
[    9.293202] PCI host bridge to bus 0000:00
[    9.331613] pci_bus 0000:00: root bus resource [io  0x0000-0x0cf7 window]
[    9.348991] pci_bus 0000:00: root bus resource [io  0x0d00-0xffff window]
[    9.352011] pci_bus 0000:00: root bus resource [mem 0x000a0000-0x000bffff window]
[    9.353786] pci_bus 0000:00: root bus resource [mem 0x40000000-0xffdfffff window]
[    9.355817] pci_bus 0000:00: root bus resource [bus 00-ff]
[    9.365863] pci 0000:00:01.1: legacy IDE quirk: reg 0x10: [io  0x01f0-0x01f7]
[    9.386957] pci 0000:00:01.1: legacy IDE quirk: reg 0x14: [io  0x03f6]
[    9.417229] pci 0000:00:01.1: legacy IDE quirk: reg 0x18: [io  0x0170-0x0177]
[    9.450709] pci 0000:00:01.1: legacy IDE quirk: reg 0x1c: [io  0x0376]
[    9.477731] pci 0000:00:07.0: quirk: [io  0x4000-0x403f] claimed by PIIX4 ACPI
[    9.536302] pci 0000:00:07.0: quirk: [io  0x4100-0x410f] claimed by PIIX4 SMB
[    9.594521] ACPI: PCI Interrupt Link [LNKA] (IRQs 5 9 10 *11)
[    9.643090] ACPI: PCI Interrupt Link [LNKB] (IRQs 5 9 10 *11)
[    9.704828] ACPI: PCI Interrupt Link [LNKC] (IRQs 5 9 *10 11)
[    9.759657] ACPI: PCI Interrupt Link [LNKD] (IRQs 5 *9 10 11)
[    9.797543] ACPI: Enabled 2 GPEs in block 00 to 07
[    9.849673] vgaarb: setting as boot device: PCI:0000:00:02.0
[    9.899162] vgaarb: device added: PCI:0000:00:02.0,decodes=io+mem,owns=io+mem,locks=none
[    9.909921] vgaarb: loaded
[    9.926601] vgaarb: bridge control possible 0000:00:02.0
[    9.957507] SCSI subsystem initialized
[    9.987657] ACPI: bus type USB registered
[   10.020781] usbcore: registered new interface driver usbfs
[   10.067259] usbcore: registered new interface driver hub
[   10.104253] usbcore: registered new device driver usb
[   10.160247] PCI: Using ACPI for IRQ routing
[   10.197922] NetLabel: Initializing
[   10.229696] NetLabel:  domain hash size = 128
[   10.258338] NetLabel:  protocols = UNLABELED CIPSOv4
[   10.297011] NetLabel:  unlabeled traffic allowed by default
[   10.350759] amd_nb: Cannot enumerate AMD northbridges
[   10.376029] clocksource: Switched to clocksource kvm-clock
[   10.428379] AppArmor: AppArmor Filesystem Enabled
[   10.429648] pnp: PnP ACPI init
[   10.433307] pnp: PnP ACPI: found 3 devices
[   10.457153] clocksource: acpi_pm: mask: 0xffffff max_cycles: 0xffffff, max_idle_ns: 2085701024 ns
[   10.503754] NET: Registered protocol family 2
[   10.504806] TCP established hash table entries: 8192 (order: 4, 65536 bytes)
[   10.596820] TCP bind hash table entries: 8192 (order: 5, 131072 bytes)
[   10.598250] TCP: Hash tables configured (established 8192 bind 8192)
[   10.726479] UDP hash table entries: 512 (order: 2, 16384 bytes)
[   10.870012] UDP-Lite hash table entries: 512 (order: 2, 16384 bytes)
[   11.013035] NET: Registered protocol family 1
[   11.092954] pci 0000:00:00.0: Limiting direct PCI/PCI transfers
[   11.136974] pci 0000:00:01.0: Activating ISA DMA hang workarounds
[   11.266602] Unpacking initramfs...
[   13.939076] Freeing initrd memory: 10840K (ffff880036ac4000 - ffff88003755a000)
[   13.953385] RAPL PMU detected, API unit is 2^-32 Joules, 4 fixed counters 10737418240 ms ovfl timer
[   14.020606] hw unit of domain pp0-core 2^-0 Joules
[   14.037397] hw unit of domain package 2^-0 Joules
[   14.046146] hw unit of domain dram 2^-0 Joules
[   14.047442] hw unit of domain pp1-gpu 2^-0 Joules
[   14.048987] platform rtc_cmos: registered platform RTC device (no PNP device found)
[   14.051359] Scanning for low memory corruption every 60 seconds
[   14.054646] audit: initializing netlink subsys (disabled)
[   14.070752] audit: type=2000 audit(1498771809.574:1): initialized
[   14.076048] Initialise system trusted keyring
[   14.077751] HugeTLB registered 2 MB page size, pre-allocated 0 pages
[   14.095923] zbud: loaded
[   14.097301] VFS: Disk quotas dquot_6.6.0
[   14.106661] VFS: Dquot-cache hash table entries: 512 (order 0, 4096 bytes)
[   14.118247] squashfs: version 4.0 (2009/01/31) Phillip Lougher
[   14.129576] fuse init (API version 7.23)
[   14.132874] Key type big_key registered
[   14.144250] Allocating IMA MOK and blacklist keyrings.
[   14.164573] Key type asymmetric registered
[   14.196719] Asymmetric key parser 'x509' registered
[   14.198205] Block layer SCSI generic (bsg) driver version 0.4 loaded (major 249)
[   14.205810] io scheduler noop registered
[   14.209396] io scheduler deadline registered (default)
[   14.210730] io scheduler cfq registered
[   14.218592] pci_hotplug: PCI Hot Plug PCI Core version: 0.5
[   14.221469] pciehp: PCI Express Hot Plug Controller Driver version: 0.4
[   14.222760] ACPI: AC Adapter [AC] (on-line)
[   14.223636] input: Power Button as /devices/LNXSYSTM:00/LNXPWRBN:00/input/input0
[   14.225134] ACPI: Power Button [PWRF]
[   14.225988] input: Sleep Button as /devices/LNXSYSTM:00/LNXSLPBN:00/input/input1
[   14.229239] ACPI: Sleep Button [SLPF]
[   14.230229] GHES: HEST is not enabled!
[   14.240345] Serial: 8250/16550 driver, 32 ports, IRQ sharing enabled
[   14.297485] 00:02: ttyS0 at I/O 0x3f8 (irq = 4, base_baud = 115200) is a 16550A
[   14.317080] Linux agpgart interface v0.103
[   14.341740] loop: module loaded
[   14.351991] scsi host0: ata_piix
[   14.367675] scsi host1: ata_piix
[   14.387427] ata1: PATA max UDMA/33 cmd 0x1f0 ctl 0x3f6 bmdma 0xd000 irq 14
[   14.389221] ata2: PATA max UDMA/33 cmd 0x170 ctl 0x376 bmdma 0xd008 irq 15
[   14.391151] libphy: Fixed MDIO Bus: probed
[   14.392421] tun: Universal TUN/TAP device driver, 1.6
[   14.414454] tun: (C) 1999-2004 Max Krasnyansky <maxk@qualcomm.com>
[   14.442458] PPP generic driver version 2.4.2
[   14.450497] ehci_hcd: USB 2.0 'Enhanced' Host Controller (EHCI) Driver
[   14.463802] ehci-pci: EHCI PCI platform driver
[   14.465138] ehci-platform: EHCI generic platform driver
[   14.466600] ohci_hcd: USB 1.1 'Open' Host Controller (OHCI) Driver
[   14.487305] ohci-pci: OHCI PCI platform driver
[   14.499000] ohci-platform: OHCI generic platform driver
[   14.508997] uhci_hcd: USB Universal Host Controller Interface driver
[   14.517912] i8042: PNP: PS/2 Controller [PNP0303:PS2K,PNP0f03:PS2M] at 0x60,0x64 irq 1,12
[   14.551617] serio: i8042 KBD port at 0x60,0x64 irq 1
[   14.560949] serio: i8042 AUX port at 0x60,0x64 irq 12
[   14.618596] mousedev: PS/2 mouse device common for all mice
[   14.624442] input: AT Translated Set 2 keyboard as /devices/platform/i8042/serio0/input/input2
[   14.632446] rtc_cmos rtc_cmos: rtc core: registered rtc_cmos as rtc0
[   14.632513] rtc_cmos rtc_cmos: alarms up to one day, 114 bytes nvram
[   14.632521] i2c /dev entries driver
[   14.632575] device-mapper: uevent: version 1.0.3
[   14.632642] device-mapper: ioctl: 4.34.0-ioctl (2015-10-28) initialised: dm-devel@redhat.com
[   14.632664] ledtrig-cpu: registered to indicate activity on CPUs
[   14.656975] NET: Registered protocol family 10
[   14.657141] NET: Registered protocol family 17
[   14.657155] Key type dns_resolver registered
[   14.661551] microcode: CPU0 sig=0x40651, pf=0x40, revision=0x0
[   14.661575] microcode: CPU1 sig=0x40651, pf=0x40, revision=0x0
[   14.661647] microcode: Microcode Update Driver: v2.01 <tigran@aivazian.fsnet.co.uk>, Peter Oruba
[   14.661808] registered taskstats version 1
[   14.661825] Loading compiled-in X.509 certificates
[   14.662810] Loaded X.509 cert 'Build time autogenerated kernel key: 4e3fcaabc4148de0b198d1fb3d36a6c6d4cf062b'
[   14.662838] zswap: loaded using pool lzo/zbud
[   14.664815] Key type trusted registered
[   14.667958] Key type encrypted registered
[   14.667965] AppArmor: AppArmor sha1 policy hashing enabled
[   14.667994] ima: No TPM chip found, activating TPM-bypass!
[   14.668038] evm: HMAC attrs: 0x1
[   14.668465]   Magic number: 5:885:551
[   14.668480] tty ttyS27: hash matches
[   14.668497] acpi PNP0C0F:02: hash matches
[   14.676623] rtc_cmos rtc_cmos: setting system clock to 2017-06-29 21:30:15 UTC (1498771815)
[   14.676771] BIOS EDD facility v0.16 2004-Jun-25, 0 devices found
[   14.676772] EDD information not available.
[   14.832197] Freeing unused kernel memory: 1484K (ffffffff81f45000 - ffffffff820b8000)
[   14.841116] Write protecting the kernel read-only data: 14336k
[   14.842672] Freeing unused kernel memory: 1760K (ffff880001848000 - ffff880001a00000)
[   14.844549] Freeing unused kernel memory: 112K (ffff880001de4000 - ffff880001e00000)
Loading, please wait...
starting version[   14.862824] random: systemd-udevd: uninitialized urandom read (16 bytes read, 3 bits of entropy available)
 229
[   14.863624] random: udevadm: uninitialized urandom read (16 bytes read, 3 bits of entropy available)
[   14.863674] random: udevadm: uninitialized urandom read (16 bytes read, 3 bits of entropy available)
[   14.863853] random: udevadm: uninitialized urandom read (16 bytes read, 3 bits of entropy available)
[   14.863918] random: udevadm: uninitialized urandom read (16 bytes read, 3 bits of entropy available)
[   14.863979] random: udevadm: uninitialized urandom read (16 bytes read, 3 bits of entropy available)
[   14.864046] random: udevadm: uninitialized urandom read (16 bytes read, 3 bits of entropy available)
[   14.864112] random: udevadm: uninitialized urandom read (16 bytes read, 3 bits of entropy available)
[   14.864171] random: udevadm: uninitialized urandom read (16 bytes read, 3 bits of entropy available)
[   14.864232] random: udevadm: uninitialized urandom read (16 bytes read, 3 bits of entropy available)
[   15.100268] tsc: Refined TSC clocksource calibration: 2594.409 MHz
[   15.107920] clocksource: tsc: mask: 0xffffffffffffffff max_cycles: 0x25659ac0cb5, max_idle_ns: 440795327704 ns
[   15.124425] e1000: Intel(R) PRO/1000 Network Driver - version 7.3.21-k8-NAPI
[   15.140616] e1000: Copyright (c) 1999-2006 Intel Corporation.
[   15.143338] Fusion MPT base driver 3.04.20
[   15.144634] Copyright (c) 1999-2008 LSI Corporation
[   15.164125] Fusion MPT SPI Host driver 3.04.20
[   15.188907] AVX version of gcm_enc/dec engaged.
[   15.195461] AES CTR mode by8 optimization enabled
[   15.359575] input: ImExPS/2 Generic Explorer Mouse as /devices/platform/i8042/serio1/input/input4
[   15.570919] e1000 0000:00:03.0 eth0: (PCI:33MHz:32-bit) 02:09:ed:5e:5b:38
[   15.599124] e1000 0000:00:03.0 eth0: Intel(R) PRO/1000 Network Connection
[   15.604491] mptbase: ioc0: Initiating bringup
[   15.722075] ioc0: LSI53C1030 A0: Capabilities={Initiator}
[   15.913615] scsi host2: ioc0: LSI53C1030 A0, FwRev=00000000h, Ports=1, MaxQ=256, IRQ=20
[   16.118144] scsi 2:0:0:0: Direct-Access     VBOX     HARDDISK         1.0  PQ: 0 ANSI: 5
[   16.145157] scsi target2:0:0: Beginning Domain Validation
[   16.159612] scsi target2:0:0: Domain Validation skipping write tests
[   16.163623] scsi target2:0:0: Ending Domain Validation
[   16.170654] scsi target2:0:0: asynchronous
[   16.180346] scsi 2:0:1:0: Direct-Access     VBOX     HARDDISK         1.0  PQ: 0 ANSI: 5
[   16.185010] scsi target2:0:1: Beginning Domain Validation
[   16.187949] scsi target2:0:1: Domain Validation skipping write tests
[   16.195046] scsi target2:0:1: Ending Domain Validation
[   16.196534] scsi target2:0:1: asynchronous
[   16.213418] sd 2:0:0:0: Attached scsi generic sg0 type 0
[   16.221570] sd 2:0:0:0: [sda] 20971520 512-byte logical blocks: (10.7 GB/10.0 GiB)
[   16.224160] sd 2:0:0:0: [sda] Write Protect is off
[   16.229093] sd 2:0:0:0: [sda] Incomplete mode parameter data
[   16.230510] sd 2:0:0:0: [sda] Assuming drive cache: write through
[   16.232608] sd 2:0:1:0: Attached scsi generic sg1 type 0
[   16.238076] sd 2:0:1:0: [sdb] 20480 512-byte logical blocks: (10.5 MB/10.0 MiB)
[   16.243079] sd 2:0:1:0: [sdb] Write Protect is off
[   16.248137] sd 2:0:1:0: [sdb] Incomplete mode parameter data
[   16.248139] sd 2:0:1:0: [sdb] Assuming drive cache: write through
[   16.293489]  sda: sda1
[   16.297737] sd 2:0:0:0: [sda] Attached SCSI disk
[   16.338778] sd 2:0:1:0: [sdb] Attached SCSI disk
[   16.530702] e1000 0000:00:08.0 eth1: (PCI:33MHz:32-bit) 08:00:27:b2:fa:a7
[   16.542504] e1000 0000:00:08.0 eth1: Intel(R) PRO/1000 Network Connection
[   16.545408] e1000 0000:00:08.0 enp0s8: renamed from eth1
[   16.560619] e1000 0000:00:03.0 enp0s3: renamed from eth0
[   18.144849] floppy0: no floppy controllers found
Begin: Loading e[   19.569213] md: linear personality registered for level -1
ssential drivers[   19.620864] md: multipath personality registered for level -4
 ... [   19.649597] md: raid0 personality registered for level 0
[   19.669207] md: raid1 personality registered for level 1
[   19.804441] raid6: sse2x1   gen()  7829 MB/s
[   19.924120] raid6: sse2x1   xor()  5889 MB/s
[   20.024200] raid6: sse2x2   gen()  9808 MB/s
[   20.112563] raid6: sse2x2   xor()  5428 MB/s
[   20.184042] raid6: sse2x4   gen()  7911 MB/s
[   20.260120] raid6: sse2x4   xor()  5599 MB/s
[   20.267958] raid6: using algorithm sse2x2 gen() 9808 MB/s
[   20.275688] raid6: .... xor() 5428 MB/s, rmw enabled
[   20.276841] raid6: using ssse3x2 recovery algorithm
[   20.287555] xor: automatically using best checksumming function:
[   20.348048]    avx       : 15810.000 MB/sec
[   20.359569] async_tx: api initialized (async)
[   20.392309] md: raid6 personality registered for level 6
[   20.411248] md: raid5 personality registered for level 5
[   20.429118] md: raid4 personality registered for level 4
[   20.453589] md: raid10 personality registered for level 10
done.
Begin: Running /scripts/init-premount ... done.
Begin: Mounting root file system ... Begin: Running /scripts/local-top ... done.
Begin: Running /scripts/local-premount ... [   20.506870] Btrfs loaded
Scanning for Btrfs filesystems
done.
Warning: fsck no[   20.625983] EXT4-fs (sda1): INFO: recovery required on readonly filesystem
t present, so skipping root file system
[   20.633912] EXT4-fs (sda1): write access will be enabled during recovery
[   20.771938] EXT4-fs (sda1): recovery complete
[   20.822501] EXT4-fs (sda1): mounted filesystem with ordered data mode. Opts: (null)
done.
Begin: Running /scripts/local-bottom ... done.
Begin: Running /scripts/init-bottom ... done.
[   21.384595] random: nonblocking pool is initialized
[   21.573529] systemd[1]: systemd 229 running in system mode. (+PAM +AUDIT +SELINUX +IMA +APPARMOR +SMACK +SYSVINIT +UTMP +LIBCRYPTSETUP +GCRYPT +GNUTLS +ACL +XZ -LZ4 +SECCOMP +BLKID +ELFUTILS +KMOD -IDN)
[   21.588369] systemd[1]: Detected virtualization oracle.
[   21.606578] systemd[1]: Detected architecture x86-64.

Welcome to [1mUbuntu 16.04.2 LTS[0m!

[   21.720467] systemd[1]: Set hostname to <ubuntu-xenial>.
[   22.564052] systemd[1]: Listening on udev Kernel Socket.
[[0;32m  OK  [0m] Listening on udev Kernel Socket.
[   22.602209] systemd[1]: Listening on LVM2 poll daemon socket.
[[0;32m  OK  [0m] Listening on LVM2 poll daemon socket.
[   22.606566] systemd[1]: Listening on udev Control Socket.
[[0;32m  OK  [0m] Listening on udev Control Socket.
[   22.625624] systemd[1]: Reached target Swap.
[[0;32m  OK  [0m] Reached target Swap.
[   22.645271] systemd[1]: Listening on Device-mapper event daemon FIFOs.
[[0;32m  OK  [0m] Listening on Device-mapper event daemon FIFOs.
[   22.698387] systemd[1]: Listening on Journal Socket (/dev/log).
[[0;32m  OK  [0m] Listening on Journal Socket (/dev/log).
[   22.744917] systemd[1]: Reached target Encrypted Volumes.
[[0;32m  OK  [0m] Reached target Encrypted Volumes.
[   22.841076] systemd[1]: Reached target User and Group Name Lookups.
[[0;32m  OK  [0m] Reached target User and Group Name Lookups.
[   22.873795] systemd[1]: Started Trigger resolvconf update for networkd DNS.
[[0;32m  OK  [0m] Started Trigger resolvconf update for networkd DNS.
[   22.891477] systemd[1]: Created slice User and Session Slice.
[[0;32m  OK  [0m] Created slice User and Session Slice.
[   22.900504] systemd[1]: Listening on Journal Socket.
[[0;32m  OK  [0m] Listening on Journal Socket.
[   22.953460] systemd[1]: Listening on /dev/initctl Compatibility Named Pipe.
[[0;32m  OK  [0m] Listening on /dev/initctl Compatibility Named Pipe.
[   23.055478] systemd[1]: Listening on Syslog Socket.
[[0;32m  OK  [0m] Listening on Syslog Socket.
[   23.065487] systemd[1]: Set up automount Arbitrary Executable File Formats File System Automount Point.
[[0;32m  OK  [0m] Set up automount Arbitrary Executab...ats File System Automount Point.
[   23.111209] systemd[1]: Listening on Journal Audit Socket.
[[0;32m  OK  [0m] Listening on Journal Audit Socket.
[   23.128517] systemd[1]: Started Forward Password Requests to Wall Directory Watch.
[[0;32m  OK  [0m] Started Forward Password Requests to Wall Directory Watch.
[   23.207795] systemd[1]: Created slice System Slice.
[[0;32m  OK  [0m] Created slice System Slice.
[   23.221133] systemd[1]: Starting Remount Root and Kernel File Systems...
         Starting Remount Root and Kernel File Systems...
[   23.245522] systemd[1]: Mounting Debug File System...
         Mounting Debug File System...
[   23.280790] systemd[1]: Starting Uncomplicated firewall...
         Starting Uncomplicated firewall...
[   23.301699] systemd[1]: Starting Set console keymap...
         Starting Set console keymap...
[   23.394350] EXT4-fs (sda1): re-mounted. Opts: (null)
[   23.398867] systemd[1]: Starting Create list of required static device nodes for the current kernel...
         Starting Create list of required st... nodes for the current kernel...
[   23.446124] systemd[1]: Created slice system-serial\x2dgetty.slice.
[[0;32m  OK  [0m] Created slice system-serial\x2dgetty.slice.
[   23.496579] systemd[1]: Mounting POSIX Message Queue File System...
         Mounting POSIX Message Queue File System...
[   23.533400] systemd[1]: Starting Nameserver information manager...
         Starting Nameserver information manager...
[   23.572489] systemd[1]: Starting Load Kernel Modules...
         Starting Load Kernel Modules...
[   23.597224] systemd[1]: Reached target Slices.
[[0;32m  OK  [0m] Reached target Slices.
[   23.640259] Loading iSCSI transport class v2.0-870.
[   23.645249] systemd[1]: Starting Journal Service...
         Starting Journal Service...
[   23.655654] systemd[1]: Listening on LVM2 metadata daemon socket.
[[0;32m  OK  [0m] Listening on LVM2 metadata daemon socket.
[   23.673697] systemd[1]: Starting Monitoring of LVM2 mirrors, snapshots etc. using dmeventd or progress polling...
         Starting Monitoring of LVM2 mirrors... dmeventd or progress polling...
[   23.714937] systemd[1]: Mounting Huge Pages File System...
         Mounting Huge Pages File System...
[   23.751150] iscsi: registered transport (tcp)
[   23.765183] systemd[1]: Mounted Huge Pages File System.
[[0;32m  OK  [0m] Mounted Huge Pages File System.
[   23.799270] systemd[1]: Mounted Debug File System.
[[0;32m  OK  [0m] Mounted Debug File System.
[   23.812281] systemd[1]: Mounted POSIX Message Queue File System.
[[0;32m  OK  [0m] Mounted POSIX Message Queue File System.
[   23.859745] systemd[1]: Started Remount Root and Kernel File Systems.
[[0;32m  OK  [0m] Started Remount Root and Kernel File Systems.
[   23.877412] systemd[1]: Started Uncomplicated firewall.
[[0;32m  OK  [0m] Started Uncomplicated firewall.
[   23.894014] systemd[1]: Started Set console keymap.
[[0;32m  OK  [0m] Started Set console keymap.
[   23.912875] systemd[1]: Started Create list of required static device nodes for the current kernel.
[[0;32m  OK  [0m] Started Create list of required sta...ce nodes for the current kernel.
[   23.977519] systemd[1]: Started Journal Service.
[[0;32m  OK  [0m] Started Journal Service.
[   24.009174] iscsi: registered transport (iser)
[[0;32m  OK  [0m] Started Nameserver information manager.
[[0;32m  OK  [0m] Started Load Kernel Modules.
         Starting Apply Kernel Variables...
         Mounting FUSE Control File System...
[[0;32m  OK  [0m] Started LVM2 metadata daemon.
         Starting Create Static Device Nodes in /dev...
         Starting udev Coldplug all Devices...
         Starting Load/Save Random Seed...
         Starting Flush Journal to Persistent Storage...
         Starting Initial cloud-init job (pre-networking)...
[[0;32m  OK  [0m] Mounted FUSE Control File System.
[[0;32m  OK  [0m] Started Apply Kernel Variables.
[[0;32m  OK  [0m] Started udev Coldplug all Devices.
[[0;32m  OK  [0m] Started Load/Save Random Seed.
[[0;32m  OK  [0m] Started Flush Journal to Persistent Storage.
[[0;32m  OK  [0m] Started Monitoring of LVM2 mirrors,...ng dmeventd or progress polling.
[[0;32m  OK  [0m] Started Create Static Device Nodes in /dev.
         Starting udev Kernel Device Manager...
[[0;32m  OK  [0m] Started udev Kernel Device Manager.
[[0;32m  OK  [0m] Reached target Local File Systems (Pre).
[[0;32m  OK  [0m] Reached target Local File Systems.
         Starting Tell Plymouth To Write Out Runtime Data...
         Starting Set console font and keymap...
         Starting LSB: AppArmor initialization...
         Starting Create Volatile Files and Directories...
[[0;32m  OK  [0m] Started Dispatch Password Requests to Console Directory Watch.
[[0;32m  OK  [0m] Started Tell Plymouth To Write Out Runtime Data.
[[0;32m  OK  [0m] Started Create Volatile Files and Directories.
[[0;32m  OK  [0m] Found device /dev/ttyS0.
         Starting Update UTMP about System Boot/Shutdown...
[[0;32m  OK  [0m] Reached target System Time Synchronized.
[[0;32m  OK  [0m] Started Update UTMP about System Boot/Shutdown.
[[0;32m  OK  [0m] Found device 82540EM Gigabit Ethern...r (PRO/1000 MT Desktop Adapter).
[[0;32m  OK  [0m] Found device 82540EM Gigabit Ethern...r (PRO/1000 MT Desktop Adapter).
[[0;32m  OK  [0m] Started Set console font and keymap.
[[0;32m  OK  [0m] Created slice system-getty.slice.
[[0;32m  OK  [0m] Listening on Load/Save RF Kill Switch Status /dev/rfkill Watch.
[[0;32m  OK  [0m] Started LSB: AppArmor initialization.
[   20.083014] cloud-init[444]: Cloud-init v. 0.7.9 running 'init-local' at Thu, 29 Jun 2017 21:30:29 +0000. Up 19.34 seconds.
[[0;32m  OK  [0m] Started Initial cloud-init job (pre-networking).
[[0;32m  OK  [0m] Reached target Network (Pre).
         Starting Raise network interfaces...
[[0;32m  OK  [0m] Started ifup for enp0s8.
[[0;32m  OK  [0m] Started ifup for enp0s3.
[[0;32m  OK  [0m] Started Raise network interfaces.
[[0;32m  OK  [0m] Reached target Network.
         Starting Initial cloud-init job (metadata service crawler)...
[   23.079200] cloud-init[1078]: Cloud-init v. 0.7.9 running 'init' at Thu, 29 Jun 2017 21:30:33 +0000. Up 22.46 seconds.
[   23.161194] cloud-init[1078]: ci-info: ++++++++++++++++++++++++++++++++++++++Net device info++++++++++++++++++++++++++++++++++++++
[   23.161435] cloud-init[1078]: ci-info: +--------+------+-----------------------------+---------------+-------+-------------------+
[[0;32m  OK  [0m] Started Initial cloud-init job (metadata service crawler).
[   23.161611] cloud-init[1078]: ci-info: | Device |  Up  |           Address           |      Mask     | Scope |     Hw-Address    |
[   23.441456] cloud-init[1078]: ci-info: +--------+------+-----------------------------+---------------+-------+-------------------+
[   23.442110] cloud-init[1078]: ci-info: | enp0s3 | True |          10.0.2.15          | 255.255.255.0 |   .   | 02:09:ed:5e:5b:38 |
[[0;32m  OK  [0m] Reached target System Initialization.
[   23.442514] cloud-init[1078]: ci-info: | enp0s3 | True |  fe80::9:edff:fe5e:5b38/64  |       .       |  link | 02:09:ed:5e:5b:38 |
[   23.702780] cloud-init[1078]: ci-info: |   lo   | True |          127.0.0.1          |   255.0.0.0   |   .   |         .         |
[[0;32m  OK  [0m] Listening on ACPID Listen Socket.
[   23.703304] cloud-init[1078]: ci-info: |   lo   | True |           ::1/128           |       .       |  host |         .         |
[[   23.975348] cloud-init[1078]: ci-info: | enp0s8 | True |         192.168.0.18        | 255.255.255.0 |   .   | 08:00:27:b2:fa:a7 |
[   23.977064] cloud-init[1078]: ci-info: | enp0s8 | True | fe80::a00:27ff:feb2:faa7/64 |       .       |  link | 08:00:27:b2:fa:a7 |
[   23.977688] cloud-init[1078]: ci-info: +--------+------+-----------------------------+---------------+-------+-------------------+
[0;32m  OK  [0m] Started Daily apt activities.
[   23.978495] cloud-init[1078]: ci-info: +++++++++++++++++++++++++++Route IPv4 info++++++++++++++++++++++++++++
[   24.229912] cloud-init[1078]: ci-info: +-------+-------------+----------+---------------+-----------+-------+
[[0;32m  OK  [0m] Listening on UUID daemon activation socket.
[   24.230545] cloud-init[1078]: ci-info: | Route | Destination | Gateway  |    Genmask    | Interface | Flags |
[   24.361925] cloud-init[1078]: ci-info: +-------+-------------+----------+---------------+-----------+-------+
[[0;32m  OK  [0m] Listening on D-Bus System Message Bus Socket.
[   24.362433] cloud-init[1078]: ci-info: |   0   |   0.0.0.0   | 10.0.2.2 |    0.0.0.0    |   enp0s3  |   UG  |
[   24.648527] cloud-init[1078]: ci-info: |   1   |   10.0.2.0  | 0.0.0.0  | 255.255.255.0 |   enp0s3  |   U   |
[   24.649108] cloud-init[1078]: ci-info: |   2   | 192.168.0.0 | 0.0.0.0  | 255.255.255.0 |   enp0s8  |   U   |
[[0;32m  OK  [0m] Started ACPI Events Check.
[[   24.649425] cloud-init[1078]: ci-info: +-------+-------------+----------+---------------+-----------+-------+
[0;32m  OK  [0m] Reached target Paths.
[[0;32m  OK  [0m] Started Daily Cleanup of Temporary Directories.
         Starting LXD - unix socket.
         Starting Socket activation for snappy daemon.
[[0;32m  OK  [0m] Started Timer to automatically refresh installed snaps.
[[0;32m  OK  [0m] Reached target Timers.
[[0;32m  OK  [0m] Reached target Cloud-config availability.
[[0;32m  OK  [0m] Reached target Network is Online.
         Starting iSCSI initiator daemon (iscsid)...
[[0;32m  OK  [0m] Listening on LXD - unix socket.
[[0;32m  OK  [0m] Listening on Socket activation for snappy daemon.
[[0;32m  OK  [0m] Reached target Sockets.
[[0;32m  OK  [0m] Reached target Basic System.
         Starting Daily apt activities...
         Starting Apply the settings specified in cloud-config...
[[0;32m  OK  [0m] Started FUSE filesystem for LXC.
         Starting LSB: Record successful boot for GRUB...
[[0;32m  OK  [0m] Started ACPI event daemon.
[[0;32m  OK  [0m] Started Unattended Upgrades Shutdown.
[[0;32m  OK  [0m] Started D-Bus System Message Bus.
         Starting LXD - container startup/shutdown...
[[0;32m  OK  [0m] Started Regular background program processing daemon.
         Starting LSB: MD monitoring daemon...
[   26.063372] cloud-init[1137]: Cloud-init v. 0.7.9 running 'modules:config' at Thu, 29 Jun 2017 21:30:36 +0000. Up 25.82 seconds.
[[0;32m  OK  [0m] Started Snappy daemon.
         Starting Accounts Service...
         Starting OpenBSD Secure Shell server...
         Starting Auto import assertions from block devices...
[[0;32m  OK  [0m] Started Deferred execution scheduler.
         Starting Login Service...
         Starting System Logging Service...
         Starting /etc/rc.local Compatibility...
[[0;32m  OK  [0m] Started iSCSI initiator daemon (iscsid).
[[0;32m  OK  [0m] Started Apply the settings specified in cloud-config.
[[0;32m  OK  [0m] Started Auto import assertions from block devices.
[[0;32m  OK  [0m] Started /etc/rc.local Compatibility.
         Starting Login to default iSCSI targets...
[[0;32m  OK  [0m] Started Login Service.
[[0;32m  OK  [0m] Started System Logging Service.
[[0;32m  OK  [0m] Started Login to default iSCSI targets.
[[0;32m  OK  [0m] Started LSB: Record successful boot for GRUB.
[[0;32m  OK  [0m] Reached target Remote File Systems (Pre).
[[0;32m  OK  [0m] Reached target Remote File Systems.
         Starting LSB: daemon to balance interrupts for SMP systems...
         Starting LSB: VirtualBox Linux Additions...
         Starting Permit User Sessions...
         Starting LSB: Set the CPU Frequency Scaling governor to "ondemand"...
         Starting LSB: automatic crash report generation...
[[0;32m  OK  [0m] Started LSB: MD monitoring daemon.
[[0;32m  OK  [0m] Started Permit User Sessions.
         Starting Hold until boot process finishes up...
         Starting Terminate Plymouth Boot Screen...
[[0;32m  OK  [0m] Started LSB: Set the CPU Frequency Scaling governor to "ondemand".
[[0;32m  OK  [0m] Started Hold until boot process finishes up.
[[0;32m  OK  [0m] Started Terminate Plymouth Boot Screen.
[[0;32m  OK  [0m] Started Getty on tty1.
[[0;32m  OK  [0m] Started Serial Getty on ttyS0.
[[0;32m  OK  [0m] Reached target Login Prompts.
         Starting Set console scheme...
[[0;32m  OK  [0m] Started Set console scheme.
[[0;32m  OK  [0m] Started LSB: daemon to balance interrupts for SMP systems.
[[0;32m  OK  [0m] Started LSB: automatic crash report generation.
         Starting Authenticate and Authorize Users to Run Privileged Tasks...
[[0;32m  OK  [0m] Started LSB: VirtualBox Linux Additions.
[[0;32m  OK  [0m] Started OpenBSD Secure Shell server.
[[0;32m  OK  [0m] Started Authenticate and Authorize Users to Run Privileged Tasks.
[[0;32m  OK  [0m] Started Accounts Service.
[[0;32m  OK  [0m] Started LXD - container startup/shutdown.
[[0;32m  OK  [0m] Reached target Multi-User System.
         Starting Execute cloud user/final scripts...
[[0;32m  OK  [0m] Reached target Graphical Interface.
         Starting Update UTMP about System Runlevel Changes...
[[0;32m  OK  [0m] Started Update UTMP about System Runlevel Changes.
[   30.560656] cloud-init[1336]: Cloud-init v. 0.7.9 running 'modules:final' at Thu, 29 Jun 2017 21:30:40 +0000. Up 30.36 seconds.
[   30.572410] cloud-init[1336]: Cloud-init v. 0.7.9 finished at Thu, 29 Jun 2017 21:30:41 +0000. Datasource DataSourceNoCloud [seed=/dev/sdb][dsmode=net].  Up 30.55 seconds
[[0;32m  OK  [0m] Started Execute cloud user/final scripts.
[[0;32m  OK  [0m] Reached target Cloud-init target.

Ubuntu 16.04.2 LTS ubuntu-xenial ttyS0

ubuntu-xenial login: 